<?xml version="1.0" encoding="UTF-8"?>
<!-- Generated by org.testng.reporters.JUnitXMLReporter -->
<testsuite hostname="egov-laptop" ignored="6" name="Surefire test" tests="1" failures="0" timestamp="03 Jan 2019 07:25:08 GMT" time="92.902" errors="0">
  <testcase name="createCommercialPropertyTaxAndMakePartialPaymentCitizen" time="86.739" classname="testcore.scenarios.ScriptFlows"/>
  <testcase name="createTradeLicenseCitizen" time="0.0" classname="testcore.scenarios.ScriptFlows">
    <ignored/>
  </testcase> <!-- createTradeLicenseCitizen -->
  <testcase name="resolveComplaintLME" time="0.0" classname="testcore.scenarios.ScriptFlows">
    <ignored/>
  </testcase> <!-- resolveComplaintLME -->
  <testcase name="rejectComplaintGRO" time="0.0" classname="testcore.scenarios.ScriptFlows">
    <ignored/>
  </testcase> <!-- rejectComplaintGRO -->
  <testcase name="fileComplaintCitizen" time="0.0" classname="testcore.scenarios.ScriptFlows">
    <ignored/>
  </testcase> <!-- fileComplaintCitizen -->
  <testcase name="assignComplaintGRO" time="0.0" classname="testcore.scenarios.ScriptFlows">
    <ignored/>
  </testcase> <!-- assignComplaintGRO -->
  <testcase name="createResidentialPropertyTaxAndMakeFullPaymentCitizen" time="0.0" classname="testcore.scenarios.ScriptFlows">
    <ignored/>
  </testcase> <!-- createResidentialPropertyTaxAndMakeFullPaymentCitizen -->
</testsuite> <!-- Surefire test -->
