<?xml version="1.0" encoding="UTF-8"?>
<!-- Generated by org.testng.reporters.JUnitXMLReporter -->
<testsuite hostname="Lata-Naik" ignored="5" name="Surefire test" tests="1" failures="1" timestamp="24 Dec 2018 10:41:37 GMT" time="40.175" errors="0">
  <testcase name="approveTradeLicenseApprover" time="28.435" classname="testcore.scenarios.ScriptFlows">
    <failure type="java.lang.NullPointerException">
      <![CDATA[java.lang.NullPointerExceptionat testcore.pages.TradeLicense.isApplicationApproved(TradeLicense.java:130)at testcore.scenarios.ScriptFlows.approveTradeLicenseApprover(ScriptFlows.java:60)... Removed 29 stack frames]]>
    </failure>
  </testcase> <!-- approveTradeLicenseApprover -->
  <testcase name="createTradeLicenseCitizen" time="0.0" classname="testcore.scenarios.ScriptFlows">
    <ignored/>
  </testcase> <!-- createTradeLicenseCitizen -->
  <testcase name="resolveComplaintLME" time="0.0" classname="testcore.scenarios.ScriptFlows">
    <ignored/>
  </testcase> <!-- resolveComplaintLME -->
  <testcase name="rejectComplaintGRO" time="0.0" classname="testcore.scenarios.ScriptFlows">
    <ignored/>
  </testcase> <!-- rejectComplaintGRO -->
  <testcase name="fileComplaintCitizen" time="0.0" classname="testcore.scenarios.ScriptFlows">
    <ignored/>
  </testcase> <!-- fileComplaintCitizen -->
  <testcase name="assignComplaintGRO" time="0.0" classname="testcore.scenarios.ScriptFlows">
    <ignored/>
  </testcase> <!-- assignComplaintGRO -->
</testsuite> <!-- Surefire test -->
