<?xml version="1.0" encoding="UTF-8"?>
<testng-results skipped="0" failed="0" ignored="6" total="7" passed="1">
  <reporter-output>
  </reporter-output>
  <suite name="Surefire suite" duration-ms="92902" started-at="2019-01-03T07:23:35Z" finished-at="2019-01-03T07:25:08Z">
    <groups>
    </groups>
    <test name="Surefire test" duration-ms="92902" started-at="2019-01-03T07:23:35Z" finished-at="2019-01-03T07:25:08Z">
      <class name="testcore.scenarios.ScriptFlows">
        <test-method status="PASS" signature="runOncePerSuite()[pri:0, instance:testcore.scenarios.ScriptFlows@3b81a1bc]" name="runOncePerSuite" is-config="true" duration-ms="165" started-at="2019-01-03T12:53:35Z" finished-at="2019-01-03T12:53:35Z">
          <reporter-output>
          </reporter-output>
        </test-method> <!-- runOncePerSuite -->
        <test-method status="PASS" signature="runOncePerContext(org.testng.ITestContext)[pri:0, instance:testcore.scenarios.ScriptFlows@3b81a1bc]" name="runOncePerContext" is-config="true" duration-ms="11" started-at="2019-01-03T12:53:35Z" finished-at="2019-01-03T12:53:35Z">
          <params>
            <param index="0">
              <value>
                <![CDATA[org.testng.TestRunner@19b843ba]]>
              </value>
            </param>
          </params>
          <reporter-output>
          </reporter-output>
        </test-method> <!-- runOncePerContext -->
        <test-method status="PASS" signature="runOncePerClass(org.testng.ITestContext)[pri:0, instance:testcore.scenarios.ScriptFlows@3b81a1bc]" name="runOncePerClass" is-config="true" duration-ms="1" started-at="2019-01-03T12:53:35Z" finished-at="2019-01-03T12:53:35Z">
          <params>
            <param index="0">
              <value>
                <![CDATA[org.testng.TestRunner@19b843ba]]>
              </value>
            </param>
          </params>
          <reporter-output>
          </reporter-output>
        </test-method> <!-- runOncePerClass -->
        <test-method status="PASS" signature="runOncePerMethod(org.testng.ITestContext, java.lang.reflect.Method)[pri:0, instance:testcore.scenarios.ScriptFlows@3b81a1bc]" name="runOncePerMethod" is-config="true" duration-ms="6035" started-at="2019-01-03T12:53:35Z" finished-at="2019-01-03T12:53:41Z">
          <params>
            <param index="0">
              <value>
                <![CDATA[org.testng.TestRunner@19b843ba]]>
              </value>
            </param>
            <param index="1">
              <value>
                <![CDATA[public void testcore.scenarios.ScriptFlows.createCommercialPropertyTaxAndMakePartialPaymentCitizen() throws java.lang.Exception]]>
              </value>
            </param>
          </params>
          <reporter-output>
          </reporter-output>
        </test-method> <!-- runOncePerMethod -->
        <test-method status="PASS" signature="createCommercialPropertyTaxAndMakePartialPaymentCitizen()[pri:0, instance:testcore.scenarios.ScriptFlows@3b81a1bc]" name="createCommercialPropertyTaxAndMakePartialPaymentCitizen" duration-ms="86739" started-at="2019-01-03T12:53:41Z" finished-at="2019-01-03T12:55:08Z">
          <reporter-output>
          </reporter-output>
        </test-method> <!-- createCommercialPropertyTaxAndMakePartialPaymentCitizen -->
        <test-method status="PASS" signature="tearDown(org.testng.ITestResult)[pri:0, instance:testcore.scenarios.ScriptFlows@3b81a1bc]" name="tearDown" is-config="true" duration-ms="93" started-at="2019-01-03T12:55:08Z" finished-at="2019-01-03T12:55:08Z">
          <params>
            <param index="0">
              <value>
                <![CDATA[[TestResult name=createCommercialPropertyTaxAndMakePartialPaymentCitizen status=SUCCESS method=ScriptFlows.createCommercialPropertyTaxAndMakePartialPaymentCitizen()[pri:0, instance:testcore.scenarios.ScriptFlows@3b81a1bc] output={null}]]]>
              </value>
            </param>
          </params>
          <reporter-output>
          </reporter-output>
        </test-method> <!-- tearDown -->
      </class> <!-- testcore.scenarios.ScriptFlows -->
    </test> <!-- Surefire test -->
  </suite> <!-- Surefire suite -->
</testng-results>
