<?xml version="1.0" encoding="UTF-8"?>
<testng-results skipped="0" failed="0" ignored="5" total="6" passed="1">
  <reporter-output>
  </reporter-output>
  <suite name="Surefire suite" duration-ms="77708" started-at="2018-12-27T14:05:39Z" finished-at="2018-12-27T14:06:57Z">
    <groups>
    </groups>
    <test name="Surefire test" duration-ms="77708" started-at="2018-12-27T14:05:39Z" finished-at="2018-12-27T14:06:57Z">
      <class name="testcore.scenarios.ScriptFlows">
        <test-method status="PASS" signature="runOncePerSuite()[pri:0, instance:testcore.scenarios.ScriptFlows@dfd3711]" name="runOncePerSuite" is-config="true" duration-ms="152" started-at="2018-12-27T19:35:39Z" finished-at="2018-12-27T19:35:39Z">
          <reporter-output>
          </reporter-output>
        </test-method> <!-- runOncePerSuite -->
        <test-method status="PASS" signature="runOncePerContext(org.testng.ITestContext)[pri:0, instance:testcore.scenarios.ScriptFlows@dfd3711]" name="runOncePerContext" is-config="true" duration-ms="11" started-at="2018-12-27T19:35:39Z" finished-at="2018-12-27T19:35:39Z">
          <params>
            <param index="0">
              <value>
                <![CDATA[org.testng.TestRunner@64ec96c6]]>
              </value>
            </param>
          </params>
          <reporter-output>
          </reporter-output>
        </test-method> <!-- runOncePerContext -->
        <test-method status="PASS" signature="runOncePerClass(org.testng.ITestContext)[pri:0, instance:testcore.scenarios.ScriptFlows@dfd3711]" name="runOncePerClass" is-config="true" duration-ms="0" started-at="2018-12-27T19:35:39Z" finished-at="2018-12-27T19:35:39Z">
          <params>
            <param index="0">
              <value>
                <![CDATA[org.testng.TestRunner@64ec96c6]]>
              </value>
            </param>
          </params>
          <reporter-output>
          </reporter-output>
        </test-method> <!-- runOncePerClass -->
        <test-method status="PASS" signature="runOncePerMethod(org.testng.ITestContext, java.lang.reflect.Method)[pri:0, instance:testcore.scenarios.ScriptFlows@dfd3711]" name="runOncePerMethod" is-config="true" duration-ms="6012" started-at="2018-12-27T19:35:39Z" finished-at="2018-12-27T19:35:45Z">
          <params>
            <param index="0">
              <value>
                <![CDATA[org.testng.TestRunner@64ec96c6]]>
              </value>
            </param>
            <param index="1">
              <value>
                <![CDATA[public void testcore.scenarios.ScriptFlows.createPropertyTaxCitizen() throws java.lang.Exception]]>
              </value>
            </param>
          </params>
          <reporter-output>
          </reporter-output>
        </test-method> <!-- runOncePerMethod -->
        <test-method status="PASS" signature="createPropertyTaxCitizen()[pri:0, instance:testcore.scenarios.ScriptFlows@dfd3711]" name="createPropertyTaxCitizen" duration-ms="71574" started-at="2018-12-27T19:35:45Z" finished-at="2018-12-27T19:36:57Z">
          <reporter-output>
          </reporter-output>
        </test-method> <!-- createPropertyTaxCitizen -->
        <test-method status="PASS" signature="tearDown(org.testng.ITestResult)[pri:0, instance:testcore.scenarios.ScriptFlows@dfd3711]" name="tearDown" is-config="true" duration-ms="93" started-at="2018-12-27T19:36:57Z" finished-at="2018-12-27T19:36:57Z">
          <params>
            <param index="0">
              <value>
                <![CDATA[[TestResult name=createPropertyTaxCitizen status=SUCCESS method=ScriptFlows.createPropertyTaxCitizen()[pri:0, instance:testcore.scenarios.ScriptFlows@dfd3711] output={null}]]]>
              </value>
            </param>
          </params>
          <reporter-output>
          </reporter-output>
        </test-method> <!-- tearDown -->
      </class> <!-- testcore.scenarios.ScriptFlows -->
    </test> <!-- Surefire test -->
  </suite> <!-- Surefire suite -->
</testng-results>
