-------------------------------------------------------------------------------
Test set: testcore.scenarios.ScriptFlows
-------------------------------------------------------------------------------
Tests run: 1, Failures: 1, Errors: 0, Skipped: 0, Time elapsed: 24.113 sec <<< FAILURE! - in testcore.scenarios.ScriptFlows
approveTradeLicenseApprover(testcore.scenarios.ScriptFlows)  Time elapsed: 21.073 sec  <<< FAILURE!
java.lang.NullPointerException
	at testcore.scenarios.ScriptFlows.approveTradeLicenseApprover(ScriptFlows.java:57)

