<?xml version="1.0" encoding="UTF-8"?>
<testsuite xmlns:xsi="http://www.w3.org/2001/XMLSchema-instance" xsi:schemaLocation="https://maven.apache.org/surefire/maven-surefire-plugin/xsd/surefire-test-report.xsd" name="testcore.scenarios.UseCases" time="15.744" tests="1" errors="0" skipped="0" failures="1">
  <properties>
[...]
</properties>
  <testcase name="assessNewProperty" classname="testcore.scenarios.UseCases" time="0.06">
    <failure type="java.lang.NullPointerException">java.lang.NullPointerException
	at testcore.scenarios.UseCases.assessNewProperty(UseCases.java:10)
</failure>
    <system-out><![CDATA[[INFO ] [Thread:main] 2018-12-31 12:10:32,796 testcore.scenarios.SupportTest.runOncePerSuite:L30 - Central setup completed.
[INFO ] [Thread:main] 2018-12-31 12:10:32,811 testcore.scenarios.SupportTest.runOncePerContext:L35 - Test context setup started for Surefire test test.
[INFO ] [Thread:main] 2018-12-31 12:10:32,827 testcore.scenarios.SupportTest.runOncePerContext:L37 - Test context setup completed for Surefire test test.
[INFO ] [Thread:main] 2018-12-31 12:10:32,842 testcore.scenarios.SupportTest.runOncePerMethod:L49 - Set up for test method [assessNewProperty] started.
[INFO ] [Thread:main] 2018-12-31 12:10:44,085 testcore.scenarios.SupportTest.runOncePerMethod:L56 - Set up for test method [assessNewProperty] ended.
]]></system-out>
    <system-err><![CDATA[Starting ChromeDriver 2.36.540470 (e522d04694c7ebea4ba8821272dbef4f9b818c91) on port 27132
Only local connections are allowed.
Dec 31, 2018 12:10:36 PM org.openqa.selenium.remote.ProtocolHandshake createSession
INFO: Detected dialect: OSS
]]></system-err>
  </testcase>
</testsuite>