<?xml version="1.0" encoding="UTF-8"?>
<testng-results skipped="0" failed="0" ignored="4" total="5" passed="1">
  <reporter-output>
  </reporter-output>
  <suite name="Surefire suite" duration-ms="16742" started-at="2018-12-19T11:23:16Z" finished-at="2018-12-19T11:23:32Z">
    <groups>
    </groups>
    <test name="Surefire test" duration-ms="16742" started-at="2018-12-19T11:23:16Z" finished-at="2018-12-19T11:23:32Z">
      <class name="testcore.scenarios.ScriptFlows">
        <test-method status="PASS" signature="runOncePerSuite()[pri:0, instance:testcore.scenarios.ScriptFlows@3b81a1bc]" name="runOncePerSuite" is-config="true" duration-ms="113" started-at="2018-12-19T16:53:15Z" finished-at="2018-12-19T16:53:16Z">
          <reporter-output>
          </reporter-output>
        </test-method> <!-- runOncePerSuite -->
        <test-method status="PASS" signature="runOncePerContext(org.testng.ITestContext)[pri:0, instance:testcore.scenarios.ScriptFlows@3b81a1bc]" name="runOncePerContext" is-config="true" duration-ms="6" started-at="2018-12-19T16:53:16Z" finished-at="2018-12-19T16:53:16Z">
          <params>
            <param index="0">
              <value>
                <![CDATA[org.testng.TestRunner@51bd8b5c]]>
              </value>
            </param>
          </params>
          <reporter-output>
          </reporter-output>
        </test-method> <!-- runOncePerContext -->
        <test-method status="PASS" signature="runOncePerClass(org.testng.ITestContext)[pri:0, instance:testcore.scenarios.ScriptFlows@3b81a1bc]" name="runOncePerClass" is-config="true" duration-ms="1" started-at="2018-12-19T16:53:16Z" finished-at="2018-12-19T16:53:16Z">
          <params>
            <param index="0">
              <value>
                <![CDATA[org.testng.TestRunner@51bd8b5c]]>
              </value>
            </param>
          </params>
          <reporter-output>
          </reporter-output>
        </test-method> <!-- runOncePerClass -->
        <test-method status="PASS" signature="runOncePerMethod(org.testng.ITestContext, java.lang.reflect.Method)[pri:0, instance:testcore.scenarios.ScriptFlows@3b81a1bc]" name="runOncePerMethod" is-config="true" duration-ms="6303" started-at="2018-12-19T16:53:16Z" finished-at="2018-12-19T16:53:22Z">
          <params>
            <param index="0">
              <value>
                <![CDATA[org.testng.TestRunner@51bd8b5c]]>
              </value>
            </param>
            <param index="1">
              <value>
                <![CDATA[public void testcore.scenarios.ScriptFlows.rejectComplaintGRO() throws java.lang.Exception]]>
              </value>
            </param>
          </params>
          <reporter-output>
          </reporter-output>
        </test-method> <!-- runOncePerMethod -->
        <test-method status="PASS" signature="rejectComplaintGRO()[pri:0, instance:testcore.scenarios.ScriptFlows@3b81a1bc]" name="rejectComplaintGRO" duration-ms="10346" started-at="2018-12-19T16:53:22Z" finished-at="2018-12-19T16:53:32Z">
          <reporter-output>
          </reporter-output>
        </test-method> <!-- rejectComplaintGRO -->
        <test-method status="PASS" signature="tearDown(org.testng.ITestResult)[pri:0, instance:testcore.scenarios.ScriptFlows@3b81a1bc]" name="tearDown" is-config="true" duration-ms="74" started-at="2018-12-19T16:53:32Z" finished-at="2018-12-19T16:53:32Z">
          <params>
            <param index="0">
              <value>
                <![CDATA[[TestResult name=rejectComplaintGRO status=SUCCESS method=ScriptFlows.rejectComplaintGRO()[pri:0, instance:testcore.scenarios.ScriptFlows@3b81a1bc] output={null}]]]>
              </value>
            </param>
          </params>
          <reporter-output>
          </reporter-output>
        </test-method> <!-- tearDown -->
      </class> <!-- testcore.scenarios.ScriptFlows -->
    </test> <!-- Surefire test -->
  </suite> <!-- Surefire suite -->
</testng-results>
